<?xml version="1.0" encoding="UTF-8"?>
<testsuite xmlns:xsi="http://www.w3.org/2001/XMLSchema-instance" xsi:noNamespaceSchemaLocation="https://maven.apache.org/surefire/maven-surefire-plugin/xsd/surefire-test-report-3.0.xsd" version="3.0" name="TestSuite" time="720.108" tests="3" errors="0" skipped="0" failures="0">
  <properties>
[...]
</properties>
  <testcase name="CreateNewCase" classname="SITTestScripts.CreateCaseAudited" time="176.535">
    <system-err><![CDATA[SLF4J: Failed to load class "org.slf4j.impl.StaticLoggerBinder".
SLF4J: Defaulting to no-operation (NOP) logger implementation
SLF4J: See http://www.slf4j.org/codes.html#StaticLoggerBinder for further details.
Jan 23, 2024 4:49:39 PM org.openqa.selenium.devtools.CdpVersionFinder findNearestMatch
WARNING: Unable to find an exact match for CDP version 120, so returning the closest version found: 116
]]></system-err>
  </testcase>
  <testcase name="CreateNewDwellingOpportunity" classname="SITTestScripts.CreateDwellingNewOpportunity" time="174.52">
    <system-err><![CDATA[Jan 23, 2024 4:52:31 PM org.openqa.selenium.devtools.CdpVersionFinder findNearestMatch
WARNING: Unable to find an exact match for CDP version 120, so returning the closest version found: 116
]]></system-err>
  </testcase>
  <testcase name="CreateNewBusinesHO3SpecialFormsAmlinPolicyWindHailExcludedAL" classname="SITTestScripts.TCCreateNewBusinesHO3SpecialFormsAmlinPolicyWindHailExcludedAL" time="364.014">
    <system-out><![CDATA[Insured Name & Location(s)
Request Risk Report
Review Risk Report
Risk Details
]]></system-out>
    <system-err><![CDATA[Jan 23, 2024 4:55:23 PM org.openqa.selenium.devtools.CdpVersionFinder findNearestMatch
WARNING: Unable to find an exact match for CDP version 120, so returning the closest version found: 116
]]></system-err>
  </testcase>
</testsuite>