<?xml version="1.0" encoding="UTF-8"?>
<testng-results ignored="0" total="3" passed="3" failed="0" skipped="0">
  <reporter-output>
  </reporter-output>
  <suite started-at="2024-01-23T16:49:27 IST" name="Suite" finished-at="2024-01-23T17:01:25 IST" duration-ms="717586">
    <groups>
    </groups>
    <test started-at="2024-01-23T16:49:27 IST" name="Cases" finished-at="2024-01-23T16:52:24 IST" duration-ms="176790">
      <class name="SITTestScripts.CreateCaseAudited">
        <test-method signature="CreateNewCase()[pri:0, instance:SITTestScripts.CreateCaseAudited@2767e23c]" started-at="2024-01-23T16:49:28 IST" name="CreateNewCase" finished-at="2024-01-23T16:52:24 IST" duration-ms="176562" status="PASS">
          <reporter-output>
          </reporter-output>
        </test-method> <!-- CreateNewCase -->
      </class> <!-- SITTestScripts.CreateCaseAudited -->
    </test> <!-- Cases -->
    <test started-at="2024-01-23T16:52:26 IST" name="Opportunities" finished-at="2024-01-23T16:55:21 IST" duration-ms="174531">
      <class name="SITTestScripts.CreateDwellingNewOpportunity">
        <test-method signature="CreateNewDwellingOpportunity()[pri:0, instance:SITTestScripts.CreateDwellingNewOpportunity@7d900ecf]" started-at="2024-01-23T16:52:26 IST" name="CreateNewDwellingOpportunity" finished-at="2024-01-23T16:55:21 IST" duration-ms="174526" status="PASS">
          <reporter-output>
          </reporter-output>
        </test-method> <!-- CreateNewDwellingOpportunity -->
      </class> <!-- SITTestScripts.CreateDwellingNewOpportunity -->
    </test> <!-- Opportunities -->
    <test started-at="2024-01-23T16:55:21 IST" name="Quotes" finished-at="2024-01-23T17:01:25 IST" duration-ms="364015">
      <class name="SITTestScripts.TCCreateNewBusinesHO3SpecialFormsAmlinPolicyWindHailExcludedAL">
        <test-method signature="CreateNewBusinesHO3SpecialFormsAmlinPolicyWindHailExcludedAL()[pri:0, instance:SITTestScripts.TCCreateNewBusinesHO3SpecialFormsAmlinPolicyWindHailExcludedAL@7bd7d6d6]" started-at="2024-01-23T16:55:21 IST" name="CreateNewBusinesHO3SpecialFormsAmlinPolicyWindHailExcludedAL" finished-at="2024-01-23T17:01:25 IST" duration-ms="364013" status="PASS">
          <reporter-output>
          </reporter-output>
        </test-method> <!-- CreateNewBusinesHO3SpecialFormsAmlinPolicyWindHailExcludedAL -->
      </class> <!-- SITTestScripts.TCCreateNewBusinesHO3SpecialFormsAmlinPolicyWindHailExcludedAL -->
    </test> <!-- Quotes -->
  </suite> <!-- Suite -->
</testng-results>
