<?xml version="1.0" encoding="UTF-8"?>
<testng-results ignored="0" total="1" passed="1" failed="0" skipped="0">
  <reporter-output>
  </reporter-output>
  <suite started-at="2024-01-23T15:19:16 IST" name="Default suite" finished-at="2024-01-23T15:21:11 IST" duration-ms="114508">
    <groups>
    </groups>
    <test started-at="2024-01-23T15:19:16 IST" name="Default test" finished-at="2024-01-23T15:21:11 IST" duration-ms="114508">
      <class name="SITTestScripts.CreateDwellingNewOpportunity">
        <test-method signature="CreateNewDwellingOpportunity()[pri:0, instance:SITTestScripts.CreateDwellingNewOpportunity@59662a0b]" started-at="2024-01-23T15:19:16 IST" name="CreateNewDwellingOpportunity" finished-at="2024-01-23T15:21:11 IST" duration-ms="114425" status="PASS">
          <reporter-output>
          </reporter-output>
        </test-method> <!-- CreateNewDwellingOpportunity -->
      </class> <!-- SITTestScripts.CreateDwellingNewOpportunity -->
    </test> <!-- Default test -->
  </suite> <!-- Default suite -->
</testng-results>
